<?xml version="1.0" encoding="UTF-8"?>
<!-- Generated by org.testng.reporters.JUnitXMLReporter -->
<testsuite ignored="0" hostname="PNQ-I7-Z8850-04" failures="1" tests="1" name="Test" time="3.378" errors="0" timestamp="2024-05-17T20:48:44 IST">
  <testcase classname="Automation.Automation.AppTest" name="shouldAnswerWithTrue" time="3.239">
    <failure type="java.lang.NoSuchMethodError" message="&amp;apos;java.lang.String org.openqa.selenium.os.ExternalProcess.getOutput(java.nio.charset.Charset)&amp;apos;">
      <![CDATA[java.lang.NoSuchMethodError: 'java.lang.String org.openqa.selenium.os.ExternalProcess.getOutput(java.nio.charset.Charset)'
at org.openqa.selenium.manager.SeleniumManager.runCommand(SeleniumManager.java:145)
at org.openqa.selenium.manager.SeleniumManager.getBinaryPaths(SeleniumManager.java:244)
at org.openqa.selenium.remote.service.DriverFinder.getBinaryPaths(DriverFinder.java:102)
at org.openqa.selenium.remote.service.DriverFinder.getDriverPath(DriverFinder.java:55)
at org.openqa.selenium.chrome.ChromeDriver.generateExecutor(ChromeDriver.java:99)
at org.openqa.selenium.chrome.ChromeDriver.<init>(ChromeDriver.java:88)
at org.openqa.selenium.chrome.ChromeDriver.<init>(ChromeDriver.java:83)
at org.openqa.selenium.chrome.ChromeDriver.<init>(ChromeDriver.java:51)
at Automation.Automation.AppTest.shouldAnswerWithTrue(AppTest.java:20)
at java.base/java.util.ArrayList.forEach(ArrayList.java:1511)
... Removed 27 stack frames]]>
    </failure>
  </testcase> <!-- shouldAnswerWithTrue -->
</testsuite> <!-- Test -->
