<?xml version="1.0" encoding="UTF-8"?>
<testng-results ignored="0" total="1" passed="1" failed="0" skipped="0">
  <reporter-output>
  </reporter-output>
  <suite started-at="2024-05-17T21:42:32 IST" name="Surefire suite" finished-at="2024-05-17T21:42:36 IST" duration-ms="3739">
    <groups>
    </groups>
    <test started-at="2024-05-17T21:42:32 IST" name="Surefire test" finished-at="2024-05-17T21:42:36 IST" duration-ms="3739">
      <class name="Automation.Automation.AppTest">
        <test-method signature="setUp()[pri:0, instance:Automation.Automation.AppTest@4ef37659]" started-at="2024-05-17T21:42:32 IST" name="setUp" finished-at="2024-05-17T21:42:36 IST" duration-ms="3657" status="PASS">
          <reporter-output>
          </reporter-output>
        </test-method> <!-- setUp -->
      </class> <!-- Automation.Automation.AppTest -->
    </test> <!-- Surefire test -->
  </suite> <!-- Surefire suite -->
</testng-results>
