<?xml version="1.0" encoding="UTF-8"?>
<testng-results ignored="0" total="1" passed="1" failed="0" skipped="0">
  <reporter-output>
  </reporter-output>
  <suite started-at="2024-05-17T21:40:44 IST" name="Default suite" finished-at="2024-05-17T21:40:48 IST" duration-ms="3599">
    <groups>
    </groups>
    <test started-at="2024-05-17T21:40:44 IST" name="Default test" finished-at="2024-05-17T21:40:48 IST" duration-ms="3599">
      <class name="Automation.Automation.AppTest">
        <test-method signature="setUp()[pri:0, instance:Automation.Automation.AppTest@223aa2f7]" started-at="2024-05-17T21:40:45 IST" name="setUp" finished-at="2024-05-17T21:40:48 IST" duration-ms="3514" status="PASS">
          <reporter-output>
          </reporter-output>
        </test-method> <!-- setUp -->
      </class> <!-- Automation.Automation.AppTest -->
    </test> <!-- Default test -->
  </suite> <!-- Default suite -->
</testng-results>
